{ Error: Cannot find module './build/Release/DTraceProviderBindings'
    at Function.Module._resolveFilename (module.js:469:15)
    at Function.Module._load (module.js:417:25)
    at Module.require (module.js:497:17)
    at require (internal/module.js:20:19)
    at Object.<anonymous> (/Users/shatapy/aiwiki/node_modules/dtrace-provider/dtrace-provider.js:17:23)
    at Module._compile (module.js:570:32)
    at Object.Module._extensions..js (module.js:579:10)
    at Module.load (module.js:487:32)
    at tryModuleLoad (module.js:446:12)
    at Function.Module._load (module.js:438:3)
    at Module.require (module.js:497:17)
    at require (internal/module.js:20:19)
    at Object.<anonymous> (/Users/shatapy/aiwiki/node_modules/bunyan/lib/bunyan.js:79:18)
    at Module._compile (module.js:570:32)
    at Object.Module._extensions..js (module.js:579:10)
    at Module.load (module.js:487:32)
    at tryModuleLoad (module.js:446:12)
    at Function.Module._load (module.js:438:3)
    at Module.require (module.js:497:17)
    at require (internal/module.js:20:19)
    at Object.<anonymous> (/Users/shatapy/aiwiki/server/libs/search-index/index.js:1:78)
    at Module._compile (module.js:570:32) code: 'MODULE_NOT_FOUND' }
{ Error: Cannot find module './build/default/DTraceProviderBindings'
    at Function.Module._resolveFilename (module.js:469:15)
    at Function.Module._load (module.js:417:25)
    at Module.require (module.js:497:17)
    at require (internal/module.js:20:19)
    at Object.<anonymous> (/Users/shatapy/aiwiki/node_modules/dtrace-provider/dtrace-provider.js:17:23)
    at Module._compile (module.js:570:32)
    at Object.Module._extensions..js (module.js:579:10)
    at Module.load (module.js:487:32)
    at tryModuleLoad (module.js:446:12)
    at Function.Module._load (module.js:438:3)
    at Module.require (module.js:497:17)
    at require (internal/module.js:20:19)
    at Object.<anonymous> (/Users/shatapy/aiwiki/node_modules/bunyan/lib/bunyan.js:79:18)
    at Module._compile (module.js:570:32)
    at Object.Module._extensions..js (module.js:579:10)
    at Module.load (module.js:487:32)
    at tryModuleLoad (module.js:446:12)
    at Function.Module._load (module.js:438:3)
    at Module.require (module.js:497:17)
    at require (internal/module.js:20:19)
    at Object.<anonymous> (/Users/shatapy/aiwiki/server/libs/search-index/index.js:1:78)
    at Module._compile (module.js:570:32) code: 'MODULE_NOT_FOUND' }
{ Error: Cannot find module './build/Debug/DTraceProviderBindings'
    at Function.Module._resolveFilename (module.js:469:15)
    at Function.Module._load (module.js:417:25)
    at Module.require (module.js:497:17)
    at require (internal/module.js:20:19)
    at Object.<anonymous> (/Users/shatapy/aiwiki/node_modules/dtrace-provider/dtrace-provider.js:17:23)
    at Module._compile (module.js:570:32)
    at Object.Module._extensions..js (module.js:579:10)
    at Module.load (module.js:487:32)
    at tryModuleLoad (module.js:446:12)
    at Function.Module._load (module.js:438:3)
    at Module.require (module.js:497:17)
    at require (internal/module.js:20:19)
    at Object.<anonymous> (/Users/shatapy/aiwiki/node_modules/bunyan/lib/bunyan.js:79:18)
    at Module._compile (module.js:570:32)
    at Object.Module._extensions..js (module.js:579:10)
    at Module.load (module.js:487:32)
    at tryModuleLoad (module.js:446:12)
    at Function.Module._load (module.js:438:3)
    at Module.require (module.js:497:17)
    at require (internal/module.js:20:19)
    at Object.<anonymous> (/Users/shatapy/aiwiki/server/libs/search-index/index.js:1:78)
    at Module._compile (module.js:570:32) code: 'MODULE_NOT_FOUND' }
2017-10-15T12:37:57.588Z - [31merror[39m: [SERVER] Listening on port 80 requires elevated privileges!
{ Error: Cannot find module './build/Release/DTraceProviderBindings'
    at Function.Module._resolveFilename (module.js:469:15)
    at Function.Module._load (module.js:417:25)
    at Module.require (module.js:497:17)
    at require (internal/module.js:20:19)
    at Object.<anonymous> (/Users/shatapy/aiwiki/node_modules/dtrace-provider/dtrace-provider.js:17:23)
    at Module._compile (module.js:570:32)
    at Object.Module._extensions..js (module.js:579:10)
    at Module.load (module.js:487:32)
    at tryModuleLoad (module.js:446:12)
    at Function.Module._load (module.js:438:3)
    at Module.require (module.js:497:17)
    at require (internal/module.js:20:19)
    at Object.<anonymous> (/Users/shatapy/aiwiki/node_modules/bunyan/lib/bunyan.js:79:18)
    at Module._compile (module.js:570:32)
    at Object.Module._extensions..js (module.js:579:10)
    at Module.load (module.js:487:32)
    at tryModuleLoad (module.js:446:12)
    at Function.Module._load (module.js:438:3)
    at Module.require (module.js:497:17)
    at require (internal/module.js:20:19)
    at Object.<anonymous> (/Users/shatapy/aiwiki/server/libs/search-index/index.js:1:78)
    at Module._compile (module.js:570:32) code: 'MODULE_NOT_FOUND' }
{ Error: Cannot find module './build/default/DTraceProviderBindings'
    at Function.Module._resolveFilename (module.js:469:15)
    at Function.Module._load (module.js:417:25)
    at Module.require (module.js:497:17)
    at require (internal/module.js:20:19)
    at Object.<anonymous> (/Users/shatapy/aiwiki/node_modules/dtrace-provider/dtrace-provider.js:17:23)
    at Module._compile (module.js:570:32)
    at Object.Module._extensions..js (module.js:579:10)
    at Module.load (module.js:487:32)
    at tryModuleLoad (module.js:446:12)
    at Function.Module._load (module.js:438:3)
    at Module.require (module.js:497:17)
    at require (internal/module.js:20:19)
    at Object.<anonymous> (/Users/shatapy/aiwiki/node_modules/bunyan/lib/bunyan.js:79:18)
    at Module._compile (module.js:570:32)
    at Object.Module._extensions..js (module.js:579:10)
    at Module.load (module.js:487:32)
    at tryModuleLoad (module.js:446:12)
    at Function.Module._load (module.js:438:3)
    at Module.require (module.js:497:17)
    at require (internal/module.js:20:19)
    at Object.<anonymous> (/Users/shatapy/aiwiki/server/libs/search-index/index.js:1:78)
    at Module._compile (module.js:570:32) code: 'MODULE_NOT_FOUND' }
{ Error: Cannot find module './build/Debug/DTraceProviderBindings'
    at Function.Module._resolveFilename (module.js:469:15)
    at Function.Module._load (module.js:417:25)
    at Module.require (module.js:497:17)
    at require (internal/module.js:20:19)
    at Object.<anonymous> (/Users/shatapy/aiwiki/node_modules/dtrace-provider/dtrace-provider.js:17:23)
    at Module._compile (module.js:570:32)
    at Object.Module._extensions..js (module.js:579:10)
    at Module.load (module.js:487:32)
    at tryModuleLoad (module.js:446:12)
    at Function.Module._load (module.js:438:3)
    at Module.require (module.js:497:17)
    at require (internal/module.js:20:19)
    at Object.<anonymous> (/Users/shatapy/aiwiki/node_modules/bunyan/lib/bunyan.js:79:18)
    at Module._compile (module.js:570:32)
    at Object.Module._extensions..js (module.js:579:10)
    at Module.load (module.js:487:32)
    at tryModuleLoad (module.js:446:12)
    at Function.Module._load (module.js:438:3)
    at Module.require (module.js:497:17)
    at require (internal/module.js:20:19)
    at Object.<anonymous> (/Users/shatapy/aiwiki/server/libs/search-index/index.js:1:78)
    at Module._compile (module.js:570:32) code: 'MODULE_NOT_FOUND' }
2017-10-15T12:38:00.245Z - [31merror[39m: [SERVER] Listening on port 80 requires elevated privileges!
{ Error: Cannot find module './build/Release/DTraceProviderBindings'
    at Function.Module._resolveFilename (module.js:469:15)
    at Function.Module._load (module.js:417:25)
    at Module.require (module.js:497:17)
    at require (internal/module.js:20:19)
    at Object.<anonymous> (/Users/shatapy/aiwiki/node_modules/dtrace-provider/dtrace-provider.js:17:23)
    at Module._compile (module.js:570:32)
    at Object.Module._extensions..js (module.js:579:10)
    at Module.load (module.js:487:32)
    at tryModuleLoad (module.js:446:12)
    at Function.Module._load (module.js:438:3)
    at Module.require (module.js:497:17)
    at require (internal/module.js:20:19)
    at Object.<anonymous> (/Users/shatapy/aiwiki/node_modules/bunyan/lib/bunyan.js:79:18)
    at Module._compile (module.js:570:32)
    at Object.Module._extensions..js (module.js:579:10)
    at Module.load (module.js:487:32)
    at tryModuleLoad (module.js:446:12)
    at Function.Module._load (module.js:438:3)
    at Module.require (module.js:497:17)
    at require (internal/module.js:20:19)
    at Object.<anonymous> (/Users/shatapy/aiwiki/server/libs/search-index/index.js:1:78)
    at Module._compile (module.js:570:32) code: 'MODULE_NOT_FOUND' }
{ Error: Cannot find module './build/default/DTraceProviderBindings'
    at Function.Module._resolveFilename (module.js:469:15)
    at Function.Module._load (module.js:417:25)
    at Module.require (module.js:497:17)
    at require (internal/module.js:20:19)
    at Object.<anonymous> (/Users/shatapy/aiwiki/node_modules/dtrace-provider/dtrace-provider.js:17:23)
    at Module._compile (module.js:570:32)
    at Object.Module._extensions..js (module.js:579:10)
    at Module.load (module.js:487:32)
    at tryModuleLoad (module.js:446:12)
    at Function.Module._load (module.js:438:3)
    at Module.require (module.js:497:17)
    at require (internal/module.js:20:19)
    at Object.<anonymous> (/Users/shatapy/aiwiki/node_modules/bunyan/lib/bunyan.js:79:18)
    at Module._compile (module.js:570:32)
    at Object.Module._extensions..js (module.js:579:10)
    at Module.load (module.js:487:32)
    at tryModuleLoad (module.js:446:12)
    at Function.Module._load (module.js:438:3)
    at Module.require (module.js:497:17)
    at require (internal/module.js:20:19)
    at Object.<anonymous> (/Users/shatapy/aiwiki/server/libs/search-index/index.js:1:78)
    at Module._compile (module.js:570:32) code: 'MODULE_NOT_FOUND' }
{ Error: Cannot find module './build/Debug/DTraceProviderBindings'
    at Function.Module._resolveFilename (module.js:469:15)
    at Function.Module._load (module.js:417:25)
    at Module.require (module.js:497:17)
    at require (internal/module.js:20:19)
    at Object.<anonymous> (/Users/shatapy/aiwiki/node_modules/dtrace-provider/dtrace-provider.js:17:23)
    at Module._compile (module.js:570:32)
    at Object.Module._extensions..js (module.js:579:10)
    at Module.load (module.js:487:32)
    at tryModuleLoad (module.js:446:12)
    at Function.Module._load (module.js:438:3)
    at Module.require (module.js:497:17)
    at require (internal/module.js:20:19)
    at Object.<anonymous> (/Users/shatapy/aiwiki/node_modules/bunyan/lib/bunyan.js:79:18)
    at Module._compile (module.js:570:32)
    at Object.Module._extensions..js (module.js:579:10)
    at Module.load (module.js:487:32)
    at tryModuleLoad (module.js:446:12)
    at Function.Module._load (module.js:438:3)
    at Module.require (module.js:497:17)
    at require (internal/module.js:20:19)
    at Object.<anonymous> (/Users/shatapy/aiwiki/server/libs/search-index/index.js:1:78)
    at Module._compile (module.js:570:32) code: 'MODULE_NOT_FOUND' }
2017-10-15T12:38:02.602Z - [31merror[39m: [SERVER] Listening on port 80 requires elevated privileges!
{ Error: Cannot find module './build/Release/DTraceProviderBindings'
    at Function.Module._resolveFilename (module.js:469:15)
    at Function.Module._load (module.js:417:25)
    at Module.require (module.js:497:17)
    at require (internal/module.js:20:19)
    at Object.<anonymous> (/Users/shatapy/aiwiki/node_modules/dtrace-provider/dtrace-provider.js:17:23)
    at Module._compile (module.js:570:32)
    at Object.Module._extensions..js (module.js:579:10)
    at Module.load (module.js:487:32)
    at tryModuleLoad (module.js:446:12)
    at Function.Module._load (module.js:438:3)
    at Module.require (module.js:497:17)
    at require (internal/module.js:20:19)
    at Object.<anonymous> (/Users/shatapy/aiwiki/node_modules/bunyan/lib/bunyan.js:79:18)
    at Module._compile (module.js:570:32)
    at Object.Module._extensions..js (module.js:579:10)
    at Module.load (module.js:487:32)
    at tryModuleLoad (module.js:446:12)
    at Function.Module._load (module.js:438:3)
    at Module.require (module.js:497:17)
    at require (internal/module.js:20:19)
    at Object.<anonymous> (/Users/shatapy/aiwiki/server/libs/search-index/index.js:1:78)
    at Module._compile (module.js:570:32) code: 'MODULE_NOT_FOUND' }
{ Error: Cannot find module './build/default/DTraceProviderBindings'
    at Function.Module._resolveFilename (module.js:469:15)
    at Function.Module._load (module.js:417:25)
    at Module.require (module.js:497:17)
    at require (internal/module.js:20:19)
    at Object.<anonymous> (/Users/shatapy/aiwiki/node_modules/dtrace-provider/dtrace-provider.js:17:23)
    at Module._compile (module.js:570:32)
    at Object.Module._extensions..js (module.js:579:10)
    at Module.load (module.js:487:32)
    at tryModuleLoad (module.js:446:12)
    at Function.Module._load (module.js:438:3)
    at Module.require (module.js:497:17)
    at require (internal/module.js:20:19)
    at Object.<anonymous> (/Users/shatapy/aiwiki/node_modules/bunyan/lib/bunyan.js:79:18)
    at Module._compile (module.js:570:32)
    at Object.Module._extensions..js (module.js:579:10)
    at Module.load (module.js:487:32)
    at tryModuleLoad (module.js:446:12)
    at Function.Module._load (module.js:438:3)
    at Module.require (module.js:497:17)
    at require (internal/module.js:20:19)
    at Object.<anonymous> (/Users/shatapy/aiwiki/server/libs/search-index/index.js:1:78)
    at Module._compile (module.js:570:32) code: 'MODULE_NOT_FOUND' }
{ Error: Cannot find module './build/Debug/DTraceProviderBindings'
    at Function.Module._resolveFilename (module.js:469:15)
    at Function.Module._load (module.js:417:25)
    at Module.require (module.js:497:17)
    at require (internal/module.js:20:19)
    at Object.<anonymous> (/Users/shatapy/aiwiki/node_modules/dtrace-provider/dtrace-provider.js:17:23)
    at Module._compile (module.js:570:32)
    at Object.Module._extensions..js (module.js:579:10)
    at Module.load (module.js:487:32)
    at tryModuleLoad (module.js:446:12)
    at Function.Module._load (module.js:438:3)
    at Module.require (module.js:497:17)
    at require (internal/module.js:20:19)
    at Object.<anonymous> (/Users/shatapy/aiwiki/node_modules/bunyan/lib/bunyan.js:79:18)
    at Module._compile (module.js:570:32)
    at Object.Module._extensions..js (module.js:579:10)
    at Module.load (module.js:487:32)
    at tryModuleLoad (module.js:446:12)
    at Function.Module._load (module.js:438:3)
    at Module.require (module.js:497:17)
    at require (internal/module.js:20:19)
    at Object.<anonymous> (/Users/shatapy/aiwiki/server/libs/search-index/index.js:1:78)
    at Module._compile (module.js:570:32) code: 'MODULE_NOT_FOUND' }
2017-10-15T12:38:05.044Z - [31merror[39m: [SERVER] Listening on port 80 requires elevated privileges!
{ Error: Cannot find module './build/Release/DTraceProviderBindings'
    at Function.Module._resolveFilename (module.js:469:15)
    at Function.Module._load (module.js:417:25)
    at Module.require (module.js:497:17)
    at require (internal/module.js:20:19)
    at Object.<anonymous> (/Users/shatapy/aiwiki/node_modules/dtrace-provider/dtrace-provider.js:17:23)
    at Module._compile (module.js:570:32)
    at Object.Module._extensions..js (module.js:579:10)
    at Module.load (module.js:487:32)
    at tryModuleLoad (module.js:446:12)
    at Function.Module._load (module.js:438:3)
    at Module.require (module.js:497:17)
    at require (internal/module.js:20:19)
    at Object.<anonymous> (/Users/shatapy/aiwiki/node_modules/bunyan/lib/bunyan.js:79:18)
    at Module._compile (module.js:570:32)
    at Object.Module._extensions..js (module.js:579:10)
    at Module.load (module.js:487:32)
    at tryModuleLoad (module.js:446:12)
    at Function.Module._load (module.js:438:3)
    at Module.require (module.js:497:17)
    at require (internal/module.js:20:19)
    at Object.<anonymous> (/Users/shatapy/aiwiki/server/libs/search-index/index.js:1:78)
    at Module._compile (module.js:570:32) code: 'MODULE_NOT_FOUND' }
{ Error: Cannot find module './build/default/DTraceProviderBindings'
    at Function.Module._resolveFilename (module.js:469:15)
    at Function.Module._load (module.js:417:25)
    at Module.require (module.js:497:17)
    at require (internal/module.js:20:19)
    at Object.<anonymous> (/Users/shatapy/aiwiki/node_modules/dtrace-provider/dtrace-provider.js:17:23)
    at Module._compile (module.js:570:32)
    at Object.Module._extensions..js (module.js:579:10)
    at Module.load (module.js:487:32)
    at tryModuleLoad (module.js:446:12)
    at Function.Module._load (module.js:438:3)
    at Module.require (module.js:497:17)
    at require (internal/module.js:20:19)
    at Object.<anonymous> (/Users/shatapy/aiwiki/node_modules/bunyan/lib/bunyan.js:79:18)
    at Module._compile (module.js:570:32)
    at Object.Module._extensions..js (module.js:579:10)
    at Module.load (module.js:487:32)
    at tryModuleLoad (module.js:446:12)
    at Function.Module._load (module.js:438:3)
    at Module.require (module.js:497:17)
    at require (internal/module.js:20:19)
    at Object.<anonymous> (/Users/shatapy/aiwiki/server/libs/search-index/index.js:1:78)
    at Module._compile (module.js:570:32) code: 'MODULE_NOT_FOUND' }
{ Error: Cannot find module './build/Debug/DTraceProviderBindings'
    at Function.Module._resolveFilename (module.js:469:15)
    at Function.Module._load (module.js:417:25)
    at Module.require (module.js:497:17)
    at require (internal/module.js:20:19)
    at Object.<anonymous> (/Users/shatapy/aiwiki/node_modules/dtrace-provider/dtrace-provider.js:17:23)
    at Module._compile (module.js:570:32)
    at Object.Module._extensions..js (module.js:579:10)
    at Module.load (module.js:487:32)
    at tryModuleLoad (module.js:446:12)
    at Function.Module._load (module.js:438:3)
    at Module.require (module.js:497:17)
    at require (internal/module.js:20:19)
    at Object.<anonymous> (/Users/shatapy/aiwiki/node_modules/bunyan/lib/bunyan.js:79:18)
    at Module._compile (module.js:570:32)
    at Object.Module._extensions..js (module.js:579:10)
    at Module.load (module.js:487:32)
    at tryModuleLoad (module.js:446:12)
    at Function.Module._load (module.js:438:3)
    at Module.require (module.js:497:17)
    at require (internal/module.js:20:19)
    at Object.<anonymous> (/Users/shatapy/aiwiki/server/libs/search-index/index.js:1:78)
    at Module._compile (module.js:570:32) code: 'MODULE_NOT_FOUND' }
2017-10-15T12:38:07.837Z - [31merror[39m: [SERVER] Listening on port 80 requires elevated privileges!
