2017-10-15T12:37:55.894Z - [32minfo[39m: [SERVER] Wiki.js is initializing...
2017-10-15T12:37:56.059Z - [32minfo[39m: [SERVER] Checking data directories...
2017-10-15T12:37:56.060Z - [32minfo[39m: [SERVER] Data and Repository directories are OK.
2017-10-15T12:37:56.327Z - [32minfo[39m: [SERVER] Checking Git repository...
2017-10-15T12:37:57.564Z - [32minfo[39m: [SERVER] Starting HTTP/WS server on port 80...
2017-10-15T12:37:57.913Z - [32minfo[39m: [SERVER] Wiki.js is initializing...
2017-10-15T12:37:58.186Z - [32minfo[39m: [SERVER] Checking data directories...
2017-10-15T12:37:58.191Z - [32minfo[39m: [SERVER] Data and Repository directories are OK.
2017-10-15T12:37:58.748Z - [32minfo[39m: [SERVER] Checking Git repository...
2017-10-15T12:38:00.226Z - [32minfo[39m: [SERVER] Starting HTTP/WS server on port 80...
2017-10-15T12:38:00.554Z - [32minfo[39m: [SERVER] Wiki.js is initializing...
2017-10-15T12:38:00.802Z - [32minfo[39m: [SERVER] Checking data directories...
2017-10-15T12:38:00.804Z - [32minfo[39m: [SERVER] Data and Repository directories are OK.
2017-10-15T12:38:01.093Z - [32minfo[39m: [SERVER] Checking Git repository...
2017-10-15T12:38:02.584Z - [32minfo[39m: [SERVER] Starting HTTP/WS server on port 80...
2017-10-15T12:38:02.949Z - [32minfo[39m: [SERVER] Wiki.js is initializing...
2017-10-15T12:38:03.214Z - [32minfo[39m: [SERVER] Checking data directories...
2017-10-15T12:38:03.216Z - [32minfo[39m: [SERVER] Data and Repository directories are OK.
2017-10-15T12:38:03.601Z - [32minfo[39m: [SERVER] Checking Git repository...
2017-10-15T12:38:05.027Z - [32minfo[39m: [SERVER] Starting HTTP/WS server on port 80...
2017-10-15T12:38:05.353Z - [32minfo[39m: [SERVER] Wiki.js is initializing...
2017-10-15T12:38:05.573Z - [32minfo[39m: [SERVER] Checking data directories...
2017-10-15T12:38:05.576Z - [32minfo[39m: [SERVER] Data and Repository directories are OK.
2017-10-15T12:38:05.958Z - [32minfo[39m: [SERVER] Checking Git repository...
2017-10-15T12:38:07.813Z - [32minfo[39m: [SERVER] Starting HTTP/WS server on port 80...
